[VERBOSE][FMUCHK] Setting log level to [DEBUG]
[VERBOSE][FMUCHK] This binary is build without debug log messages.
 Reconfigure with FMUCHK_ENABLE_LOG_LEVEL_DEBUG=ON and rebuild to enable debug level logging
[INFO][FMUCHK] FMI compliance checker Test [FMILibrary: Test] build date: Jun  4 2023
[INFO][FMUCHK] Called with following options:
[INFO][FMUCHK] ../fmuCheck.linux64 -h 0.2 -s 5 -f -l 6 -e vanDerPol.log vanDerPol.fmu
[INFO][FMUCHK] Will process FMU vanDerPol.fmu
[VERBOSE][FMILIB] Allocating FMIL context
[VERBOSE][FMILIB] Detecting FMI standard version
[VERBOSE][FMIZIP] Unpacking FMU into /tmp/fmucktmpZ2AT7K
[VERBOSE][FMIXML] Parsing XML to detect FMI standard version
[VERBOSE][FMIXML] XML specifies FMI 2.0
[INFO][FMILIB] XML specifies FMI standard version 2.0
[VERBOSE][FMILIB] Parsing model description XML
[VERBOSE][FMI2XML] Parsing XML element fmiModelDescription
[VERBOSE][FMI2XML] Parsing XML element CoSimulation
[VERBOSE][FMI2XML] Parsing XML element LogCategories
[VERBOSE][FMI2XML] Parsing XML element ModelVariables
[VERBOSE][FMI2XML] Building alias index
[VERBOSE][FMI2XML] Parsing XML element ModelStructure
[VERBOSE][FMI2XML] Parsing XML element Derivatives
[VERBOSE][FMI2XML] Parsing XML element InitialUnknowns
[VERBOSE][FMILIB] Parsing finished successfully
[INFO][FMUCHK] Model name: vanDerPol
[INFO][FMUCHK] Model GUID: {8c4e810f-3da3-4a00-8276-176fa3c9f000}
[INFO][FMUCHK] Model version: 
[INFO][FMUCHK] FMU kind: CoSimulation
[INFO][FMUCHK] The FMU contains:
0 constants
1 parameters
0 discrete variables
4 continuous variables
0 inputs
0 outputs
4 local variables
0 independent variables
0 calculated parameters
5 real variables
0 integer variables
0 enumeration variables
0 boolean variables
0 string variables

[INFO][FMUCHK] Printing output file header
[INFO][FMUCHK] Model identifier for CoSimulation: vanDerPol
[INFO][FMILIB] Loading 'linux64' binary with 'default' platform types
[VERBOSE][FMICAPI] Loaded FMU binary from /tmp/fmucktmpZ2AT7K/binaries/linux64/vanDerPol.so
[VERBOSE][FMICAPI] Loading functions for the co-simulation interface
[VERBOSE][FMILIB] Successfully loaded all the interface functions
[INFO][FMUCHK] Version returned from CS FMU:   2.0
[VERBOSE][FMICAPI] Calling fmi2GetModelTypesPlatform
	[FMU][logFmiCall][FMU status:OK] fmi2Instantiate: GUID={8c4e810f-3da3-4a00-8276-176fa3c9f000}
[VERBOSE][FMICAPI] Calling fmi2SetupExperiment
	[FMU][logFmiCall][FMU status:OK] fmi2SetupExperiment: toleranceDefined=0 tolerance=0.0001
[VERBOSE][FMICAPI] Calling fmi2EnterInitializationMode
	[FMU][logFmiCall][FMU status:OK] fmi2EnterInitializationMode
[VERBOSE][FMICAPI] Calling fmi2ExitInitializationMode
	[FMU][logFmiCall][FMU status:OK] fmi2ExitInitializationMode
[INFO][FMUCHK] Initialized FMU for simulation starting at time 0
[VERBOSE][FMUCHK] Writing simulation output for start time
	[FMU][logFmiCall][FMU status:OK] fmi2GetReal: x0=2.0
	[FMU][logFmiCall][FMU status:OK] fmi2GetReal: der(x0)=0.0
	[FMU][logFmiCall][FMU status:OK] fmi2GetReal: x1=0.0
	[FMU][logFmiCall][FMU status:OK] fmi2GetReal: der(x1)=-2.0
	[FMU][logFmiCall][FMU status:OK] fmi2GetReal: mu=1.0
[VERBOSE][FMUCHK] Simulation step from time: 0 until: 0.2
	[FMU][logFmiCall][FMU status:OK] fmi2DoStep: currentCommunicationPoint = 0.0 communicationStepSize = 0.2 noSetFMUStatePriorToCurrentPoint = true 
	[FMU][logFmiCall][FMU status:OK] fmi2GetReal: x0=1.969221491309552
	[FMU][logFmiCall][FMU status:OK] fmi2GetReal: der(x0)=-0.3074556022695967
	[FMU][logFmiCall][FMU status:OK] fmi2GetReal: x1=-0.3074556022695967
	[FMU][logFmiCall][FMU status:OK] fmi2GetReal: der(x1)=-1.084415526411354
	[FMU][logFmiCall][FMU status:OK] fmi2GetReal: mu=1.0
[VERBOSE][FMUCHK] Simulation step from time: 0.2 until: 0.4
	[FMU][logFmiCall][FMU status:OK] fmi2DoStep: currentCommunicationPoint = 0.2 communicationStepSize = 0.2 noSetFMUStatePriorToCurrentPoint = true 
	[FMU][logFmiCall][FMU status:OK] fmi2GetReal: x0=1.890710591313133
	[FMU][logFmiCall][FMU status:OK] fmi2GetReal: der(x0)=-0.4804877780710458
	[FMU][logFmiCall][FMU status:OK] fmi2GetReal: x1=-0.4804877780710458
	[FMU][logFmiCall][FMU status:OK] fmi2GetReal: der(x1)=-0.6535571276514911
	[FMU][logFmiCall][FMU status:OK] fmi2GetReal: mu=1.0
[VERBOSE][FMUCHK] Simulation step from time: 0.4 until: 0.6
	[FMU][logFmiCall][FMU status:OK] fmi2DoStep: currentCommunicationPoint = 0.4 communicationStepSize = 0.2 noSetFMUStatePriorToCurrentPoint = true 
	[FMU][logFmiCall][FMU status:OK] fmi2GetReal: x0=1.783734071573303
	[FMU][logFmiCall][FMU status:OK] fmi2GetReal: der(x0)=-0.5951383473106313
	[FMU][logFmiCall][FMU status:OK] fmi2GetReal: x1=-0.5951383473106313
	[FMU][logFmiCall][FMU status:OK] fmi2GetReal: der(x1)=-0.485316431579901
	[FMU][logFmiCall][FMU status:OK] fmi2GetReal: mu=1.0
[VERBOSE][FMUCHK] Simulation step from time: 0.6 until: 0.8
	[FMU][logFmiCall][FMU status:OK] fmi2DoStep: currentCommunicationPoint = 0.6000000000000001 communicationStepSize = 0.2 noSetFMUStatePriorToCurrentPoint = true 
	[FMU][logFmiCall][FMU status:OK] fmi2GetReal: x0=1.655999990044533
	[FMU][logFmiCall][FMU status:OK] fmi2GetReal: der(x0)=-0.6906853097357435
	[FMU][logFmiCall][FMU status:OK] fmi2GetReal: x1=-0.6906853097357435
	[FMU][logFmiCall][FMU status:OK] fmi2GetReal: der(x1)=-0.4525941329944223
	[FMU][logFmiCall][FMU status:OK] fmi2GetReal: mu=1.0
[VERBOSE][FMUCHK] Simulation step from time: 0.8 until: 1
	[FMU][logFmiCall][FMU status:OK] fmi2DoStep: currentCommunicationPoint = 0.8 communicationStepSize = 0.2 noSetFMUStatePriorToCurrentPoint = true 
	[FMU][logFmiCall][FMU status:OK] fmi2GetReal: x0=1.509235889932255
	[FMU][logFmiCall][FMU status:OK] fmi2GetReal: der(x0)=-0.7883699376548043
	[FMU][logFmiCall][FMU status:OK] fmi2GetReal: x1=-0.7883699376548043
	[FMU][logFmiCall][FMU status:OK] fmi2GetReal: der(x1)=-0.5018623246868985
	[FMU][logFmiCall][FMU status:OK] fmi2GetReal: mu=1.0
[VERBOSE][FMUCHK] Simulation step from time: 1 until: 1.2
	[FMU][logFmiCall][FMU status:OK] fmi2DoStep: currentCommunicationPoint = 1.0 communicationStepSize = 0.2 noSetFMUStatePriorToCurrentPoint = true 
	[FMU][logFmiCall][FMU status:OK] fmi2GetReal: x0=1.341649032640111
	[FMU][logFmiCall][FMU status:OK] fmi2GetReal: der(x0)=-0.902829169350176
	[FMU][logFmiCall][FMU status:OK] fmi2GetReal: x1=-0.902829169350176
	[FMU][logFmiCall][FMU status:OK] fmi2GetReal: der(x1)=-0.6193657204538198
	[FMU][logFmiCall][FMU status:OK] fmi2GetReal: mu=1.0
[VERBOSE][FMUCHK] Simulation step from time: 1.2 until: 1.4
	[FMU][logFmiCall][FMU status:OK] fmi2DoStep: currentCommunicationPoint = 1.2 communicationStepSize = 0.2 noSetFMUStatePriorToCurrentPoint = true 
	[FMU][logFmiCall][FMU status:OK] fmi2GetReal: x0=1.148638648771532
	[FMU][logFmiCall][FMU status:OK] fmi2GetReal: der(x0)=-1.048197518128376
	[FMU][logFmiCall][FMU status:OK] fmi2GetReal: x1=-1.048197518128376
	[FMU][logFmiCall][FMU status:OK] fmi2GetReal: der(x1)=-0.8138750260262609
	[FMU][logFmiCall][FMU status:OK] fmi2GetReal: mu=1.0
[VERBOSE][FMUCHK] Simulation step from time: 1.4 until: 1.6
	[FMU][logFmiCall][FMU status:OK] fmi2DoStep: currentCommunicationPoint = 1.4 communicationStepSize = 0.2 noSetFMUStatePriorToCurrentPoint = true 
	[FMU][logFmiCall][FMU status:OK] fmi2GetReal: x0=0.9225492494987778
	[FMU][logFmiCall][FMU status:OK] fmi2GetReal: der(x0)=-1.241609115192635
	[FMU][logFmiCall][FMU status:OK] fmi2GetReal: x1=-1.241609115192635
	[FMU][logFmiCall][FMU status:OK] fmi2GetReal: der(x1)=-1.107428425377892
	[FMU][logFmiCall][FMU status:OK] fmi2GetReal: mu=1.0
[VERBOSE][FMUCHK] Simulation step from time: 1.6 until: 1.8
	[FMU][logFmiCall][FMU status:OK] fmi2DoStep: currentCommunicationPoint = 1.6 communicationStepSize = 0.2 noSetFMUStatePriorToCurrentPoint = true 
	[FMU][logFmiCall][FMU status:OK] fmi2GetReal: x0=0.6519206592701963
	[FMU][logFmiCall][FMU status:OK] fmi2GetReal: der(x0)=-1.504178186285209
	[FMU][logFmiCall][FMU status:OK] fmi2GetReal: x1=-1.504178186285209
	[FMU][logFmiCall][FMU status:OK] fmi2GetReal: der(x1)=-1.51682229512804
	[FMU][logFmiCall][FMU status:OK] fmi2GetReal: mu=1.0
[VERBOSE][FMUCHK] Simulation step from time: 1.8 until: 2
	[FMU][logFmiCall][FMU status:OK] fmi2DoStep: currentCommunicationPoint = 1.8 communicationStepSize = 0.2 noSetFMUStatePriorToCurrentPoint = true 
	[FMU][logFmiCall][FMU status:OK] fmi2GetReal: x0=0.3210903896616941
	[FMU][logFmiCall][FMU status:OK] fmi2GetReal: der(x0)=-1.854040927196514
	[FMU][logFmiCall][FMU status:OK] fmi2GetReal: x1=-1.854040927196514
	[FMU][logFmiCall][FMU status:OK] fmi2GetReal: der(x1)=-1.983981480234041
	[FMU][logFmiCall][FMU status:OK] fmi2GetReal: mu=1.0
[VERBOSE][FMUCHK] Simulation step from time: 2 until: 2.2
	[FMU][logFmiCall][FMU status:OK] fmi2DoStep: currentCommunicationPoint = 2.0 communicationStepSize = 0.2 noSetFMUStatePriorToCurrentPoint = true 
	[FMU][logFmiCall][FMU status:OK] fmi2GetReal: x0=-0.08690879217803986
	[FMU][logFmiCall][FMU status:OK] fmi2GetReal: der(x0)=-2.273235856884579
	[FMU][logFmiCall][FMU status:OK] fmi2GetReal: x1=-2.273235856884579
	[FMU][logFmiCall][FMU status:OK] fmi2GetReal: der(x1)=-2.169157000214121
	[FMU][logFmiCall][FMU status:OK] fmi2GetReal: mu=1.0
[VERBOSE][FMUCHK] Simulation step from time: 2.2 until: 2.4
	[FMU][logFmiCall][FMU status:OK] fmi2DoStep: currentCommunicationPoint = 2.2 communicationStepSize = 0.2 noSetFMUStatePriorToCurrentPoint = true 
	[FMU][logFmiCall][FMU status:OK] fmi2GetReal: x0=-0.5762503447537437
	[FMU][logFmiCall][FMU status:OK] fmi2GetReal: der(x0)=-2.620709114255287
	[FMU][logFmiCall][FMU status:OK] fmi2GetReal: x1=-2.620709114255287
	[FMU][logFmiCall][FMU status:OK] fmi2GetReal: der(x1)=-1.174214413107926
	[FMU][logFmiCall][FMU status:OK] fmi2GetReal: mu=1.0
[VERBOSE][FMUCHK] Simulation step from time: 2.4 until: 2.6
	[FMU][logFmiCall][FMU status:OK] fmi2DoStep: currentCommunicationPoint = 2.4 communicationStepSize = 0.2 noSetFMUStatePriorToCurrentPoint = true 
	[FMU][logFmiCall][FMU status:OK] fmi2GetReal: x0=-1.105225947021463
	[FMU][logFmiCall][FMU status:OK] fmi2GetReal: der(x0)=-2.566180379453663
	[FMU][logFmiCall][FMU status:OK] fmi2GetReal: x1=-2.566180379453663
	[FMU][logFmiCall][FMU status:OK] fmi2GetReal: der(x1)=1.67369750039633
	[FMU][logFmiCall][FMU status:OK] fmi2GetReal: mu=1.0
[VERBOSE][FMUCHK] Simulation step from time: 2.6 until: 2.8
	[FMU][logFmiCall][FMU status:OK] fmi2DoStep: currentCommunicationPoint = 2.6 communicationStepSize = 0.2 noSetFMUStatePriorToCurrentPoint = true 
	[FMU][logFmiCall][FMU status:OK] fmi2GetReal: x0=-1.566883910235723
	[FMU][logFmiCall][FMU status:OK] fmi2GetReal: der(x0)=-1.892970312011396
	[FMU][logFmiCall][FMU status:OK] fmi2GetReal: x1=-1.892970312011396
	[FMU][logFmiCall][FMU status:OK] fmi2GetReal: der(x1)=4.321392691674249
	[FMU][logFmiCall][FMU status:OK] fmi2GetReal: mu=1.0
[VERBOSE][FMUCHK] Simulation step from time: 2.8 until: 3
	[FMU][logFmiCall][FMU status:OK] fmi2DoStep: currentCommunicationPoint = 2.8 communicationStepSize = 0.2 noSetFMUStatePriorToCurrentPoint = true 
	[FMU][logFmiCall][FMU status:OK] fmi2GetReal: x0=-1.86068939443808
	[FMU][logFmiCall][FMU status:OK] fmi2GetReal: der(x0)=-0.9577052418816603
	[FMU][logFmiCall][FMU status:OK] fmi2GetReal: x1=-0.9577052418816603
	[FMU][logFmiCall][FMU status:OK] fmi2GetReal: der(x1)=4.218717742935208
	[FMU][logFmiCall][FMU status:OK] fmi2GetReal: mu=1.0
[VERBOSE][FMUCHK] Simulation step from time: 3 until: 3.2
	[FMU][logFmiCall][FMU status:OK] fmi2DoStep: currentCommunicationPoint = 3.0 communicationStepSize = 0.2 noSetFMUStatePriorToCurrentPoint = true 
	[FMU][logFmiCall][FMU status:OK] fmi2GetReal: x0=-1.982184899286691
	[FMU][logFmiCall][FMU status:OK] fmi2GetReal: der(x0)=-0.239403427846881
	[FMU][logFmiCall][FMU status:OK] fmi2GetReal: x1=-0.239403427846881
	[FMU][logFmiCall][FMU status:OK] fmi2GetReal: der(x1)=2.683411179450977
	[FMU][logFmiCall][FMU status:OK] fmi2GetReal: mu=1.0
[VERBOSE][FMUCHK] Simulation step from time: 3.2 until: 3.4
	[FMU][logFmiCall][FMU status:OK] fmi2DoStep: currentCommunicationPoint = 3.200000000000001 communicationStepSize = 0.2 noSetFMUStatePriorToCurrentPoint = true 
	[FMU][logFmiCall][FMU status:OK] fmi2GetReal: x0=-1.98837699011872
	[FMU][logFmiCall][FMU status:OK] fmi2GetReal: der(x0)=0.1774662523774374
	[FMU][logFmiCall][FMU status:OK] fmi2GetReal: x1=0.1774662523774374
	[FMU][logFmiCall][FMU status:OK] fmi2GetReal: der(x1)=1.464205026316759
	[FMU][logFmiCall][FMU status:OK] fmi2GetReal: mu=1.0
[VERBOSE][FMUCHK] Simulation step from time: 3.4 until: 3.6
	[FMU][logFmiCall][FMU status:OK] fmi2DoStep: currentCommunicationPoint = 3.400000000000001 communicationStepSize = 0.2 noSetFMUStatePriorToCurrentPoint = true 
	[FMU][logFmiCall][FMU status:OK] fmi2GetReal: x0=-1.930239009157471
	[FMU][logFmiCall][FMU status:OK] fmi2GetReal: der(x0)=0.4051463316255726
	[FMU][logFmiCall][FMU status:OK] fmi2GetReal: x1=0.4051463316255726
	[FMU][logFmiCall][FMU status:OK] fmi2GetReal: der(x1)=0.8258819689489865
	[FMU][logFmiCall][FMU status:OK] fmi2GetReal: mu=1.0
[VERBOSE][FMUCHK] Simulation step from time: 3.6 until: 3.8
	[FMU][logFmiCall][FMU status:OK] fmi2DoStep: currentCommunicationPoint = 3.600000000000001 communicationStepSize = 0.2 noSetFMUStatePriorToCurrentPoint = true 
	[FMU][logFmiCall][FMU status:OK] fmi2GetReal: x0=-1.835903562181811
	[FMU][logFmiCall][FMU status:OK] fmi2GetReal: der(x0)=0.5427181718931654
	[FMU][logFmiCall][FMU status:OK] fmi2GetReal: x1=0.5427181718931654
	[FMU][logFmiCall][FMU status:OK] fmi2GetReal: der(x1)=0.5493674014446361
	[FMU][logFmiCall][FMU status:OK] fmi2GetReal: mu=1.0
[VERBOSE][FMUCHK] Simulation step from time: 3.8 until: 4
	[FMU][logFmiCall][FMU status:OK] fmi2DoStep: currentCommunicationPoint = 3.800000000000001 communicationStepSize = 0.2 noSetFMUStatePriorToCurrentPoint = true 
	[FMU][logFmiCall][FMU status:OK] fmi2GetReal: x0=-1.717862224196162
	[FMU][logFmiCall][FMU status:OK] fmi2GetReal: der(x0)=0.6449410225064554
	[FMU][logFmiCall][FMU status:OK] fmi2GetReal: x1=0.6449410225064554
	[FMU][logFmiCall][FMU status:OK] fmi2GetReal: der(x1)=0.4595496415200666
	[FMU][logFmiCall][FMU status:OK] fmi2GetReal: mu=1.0
[VERBOSE][FMUCHK] Simulation step from time: 4 until: 4.2
	[FMU][logFmiCall][FMU status:OK] fmi2DoStep: currentCommunicationPoint = 4.000000000000001 communicationStepSize = 0.2 noSetFMUStatePriorToCurrentPoint = true 
	[FMU][logFmiCall][FMU status:OK] fmi2GetReal: x0=-1.580349066971098
	[FMU][logFmiCall][FMU status:OK] fmi2GetReal: der(x0)=0.7401385413907199
	[FMU][logFmiCall][FMU status:OK] fmi2GetReal: x1=0.7401385413907199
	[FMU][logFmiCall][FMU status:OK] fmi2GetReal: der(x1)=0.4719892524262865
	[FMU][logFmiCall][FMU status:OK] fmi2GetReal: mu=1.0
[VERBOSE][FMUCHK] Simulation step from time: 4.2 until: 4.4
	[FMU][logFmiCall][FMU status:OK] fmi2DoStep: currentCommunicationPoint = 4.200000000000001 communicationStepSize = 0.2 noSetFMUStatePriorToCurrentPoint = true 
	[FMU][logFmiCall][FMU status:OK] fmi2GetReal: x0=-1.423136798166461
	[FMU][logFmiCall][FMU status:OK] fmi2GetReal: der(x0)=0.8453031728376645
	[FMU][logFmiCall][FMU status:OK] fmi2GetReal: x1=0.8453031728376645
	[FMU][logFmiCall][FMU status:OK] fmi2GetReal: der(x1)=0.5564319468742195
	[FMU][logFmiCall][FMU status:OK] fmi2GetReal: mu=1.0
[VERBOSE][FMUCHK] Simulation step from time: 4.4 until: 4.6
	[FMU][logFmiCall][FMU status:OK] fmi2DoStep: currentCommunicationPoint = 4.400000000000001 communicationStepSize = 0.2 noSetFMUStatePriorToCurrentPoint = true 
	[FMU][logFmiCall][FMU status:OK] fmi2GetReal: x0=-1.242972525067593
	[FMU][logFmiCall][FMU status:OK] fmi2GetReal: der(x0)=0.9743687227468041
	[FMU][logFmiCall][FMU status:OK] fmi2GetReal: x1=0.9743687227468041
	[FMU][logFmiCall][FMU status:OK] fmi2GetReal: der(x1)=0.7119603783646313
	[FMU][logFmiCall][FMU status:OK] fmi2GetReal: mu=1.0
[VERBOSE][FMUCHK] Simulation step from time: 4.6 until: 4.8
	[FMU][logFmiCall][FMU status:OK] fmi2DoStep: currentCommunicationPoint = 4.600000000000001 communicationStepSize = 0.2 noSetFMUStatePriorToCurrentPoint = true 
	[FMU][logFmiCall][FMU status:OK] fmi2GetReal: x0=-1.033736589127946
	[FMU][logFmiCall][FMU status:OK] fmi2GetReal: der(x0)=1.142794708502003
	[FMU][logFmiCall][FMU status:OK] fmi2GetReal: x1=1.142794708502003
	[FMU][logFmiCall][FMU status:OK] fmi2GetReal: der(x1)=0.9553279177445831
	[FMU][logFmiCall][FMU status:OK] fmi2GetReal: mu=1.0
[VERBOSE][FMUCHK] Simulation step from time: 4.8 until: 5
	[FMU][logFmiCall][FMU status:OK] fmi2DoStep: currentCommunicationPoint = 4.800000000000002 communicationStepSize = 0.1999999999999984 noSetFMUStatePriorToCurrentPoint = true 
	[FMU][logFmiCall][FMU status:OK] fmi2GetReal: x0=-0.785880742390473
	[FMU][logFmiCall][FMU status:OK] fmi2GetReal: der(x0)=1.369994698646456
	[FMU][logFmiCall][FMU status:OK] fmi2GetReal: x1=1.369994698646456
	[FMU][logFmiCall][FMU status:OK] fmi2GetReal: der(x1)=1.309755013671682
	[FMU][logFmiCall][FMU status:OK] fmi2GetReal: mu=1.0
[INFO][FMUCHK] Simulation finished successfully at time 5
	[FMU][logFmiCall][FMU status:OK] fmi2Terminate
[VERBOSE][FMILIB] Releasing allocated library resources
[VERBOSE][FMILIB] Releasing FMU CAPI interface
[VERBOSE][FMICAPI] Successfully unloaded FMU binary
[VERBOSE][JMPRT] Removing /tmp/fmucktmpZ2AT7K
FMU check summary:
FMU reported:
	0 warning(s) and error(s)
Checker reported:
	0 Warning(s)
	0 Error(s)
