[VERBOSE][FMUCHK] Setting log level to [DEBUG]
[VERBOSE][FMUCHK] This binary is build without debug log messages.
 Reconfigure with FMUCHK_ENABLE_LOG_LEVEL_DEBUG=ON and rebuild to enable debug level logging
[INFO][FMUCHK] FMI compliance checker Test [FMILibrary: Test] build date: Jun  4 2023
[INFO][FMUCHK] Called with following options:
[INFO][FMUCHK] ../fmuCheck.linux64 -h 1 -s 14 -f -l 6 -e inc.log -o inc_me.csv inc.fmu
[INFO][FMUCHK] Will process FMU inc.fmu
[VERBOSE][FMILIB] Allocating FMIL context
[VERBOSE][FMILIB] Detecting FMI standard version
[VERBOSE][FMIZIP] Unpacking FMU into /tmp/fmucktmpXvml4f
[VERBOSE][FMIXML] Parsing XML to detect FMI standard version
[VERBOSE][FMIXML] XML specifies FMI 2.0
[INFO][FMILIB] XML specifies FMI standard version 2.0
[VERBOSE][FMILIB] Parsing model description XML
[VERBOSE][FMI2XML] Parsing XML element fmiModelDescription
[VERBOSE][FMI2XML] Parsing XML element ModelExchange
[VERBOSE][FMI2XML] Parsing XML element LogCategories
[VERBOSE][FMI2XML] Parsing XML element ModelVariables
[VERBOSE][FMI2XML] Parsing XML element ModelStructure
[VERBOSE][FMI2XML] Parsing XML element Outputs
[VERBOSE][FMILIB] Parsing finished successfully
[INFO][FMUCHK] Model name: inc
[INFO][FMUCHK] Model GUID: {8c4e810f-3df3-4a00-8276-176fa3c9f008}
[INFO][FMUCHK] Model version: 
[INFO][FMUCHK] FMU kind: ModelExchange
[INFO][FMUCHK] The FMU contains:
0 constants
0 parameters
1 discrete variables
0 continuous variables
0 inputs
1 outputs
0 local variables
0 independent variables
0 calculated parameters
0 real variables
1 integer variables
0 enumeration variables
0 boolean variables
0 string variables

[INFO][FMUCHK] Printing output file header
[INFO][FMUCHK] Model identifier for ModelExchange: inc
[INFO][FMILIB] Loading 'linux64' binary with 'default' platform types
[VERBOSE][FMICAPI] Loaded FMU binary from /tmp/fmucktmpXvml4f/binaries/linux64/inc.so
[VERBOSE][FMICAPI] Loading functions for the model exchange interface
[VERBOSE][FMILIB] Successfully loaded all the interface functions
[INFO][FMUCHK] Version returned from ME FMU: '2.0'

[VERBOSE][FMICAPI] Calling fmi2GetModelTypesPlatform
	[FMU][logFmiCall][FMU status:OK] fmi2Instantiate: GUID={8c4e810f-3df3-4a00-8276-176fa3c9f008}
[VERBOSE][FMICAPI] Calling fmi2SetupExperiment
	[FMU][logFmiCall][FMU status:OK] fmi2SetupExperiment: toleranceDefined=0 tolerance=0.0001
[VERBOSE][FMICAPI] Calling fmi2EnterInitializationMode
	[FMU][logFmiCall][FMU status:OK] fmi2EnterInitializationMode
[VERBOSE][FMICAPI] Calling fmi2ExitInitializationMode
	[FMU][logFmiCall][FMU status:OK] fmi2ExitInitializationMode
[VERBOSE][FMICAPI] Calling fmi2NewDiscreteStates
	[FMU][logFmiCall][FMU status:OK] fmi2NewDiscreteStates
[VERBOSE][FMICAPI] Calling fmi2EnterContinuousTimeMode
	[FMU][logFmiCall][FMU status:OK] fmi2EnterContinuousTimeMode
[INFO][FMUCHK] Initialized FMU for simulation starting at time 0
	[FMU][logFmiCall][FMU status:OK] fmi2GetInteger: counter = 1
[VERBOSE][FMUCHK] Simulation time: 1
	[FMU][logFmiCall][FMU status:OK] fmi2SetTime: time=1.00
	[FMU][logFmiCall][FMU status:OK] fmi2CompletedIntegratorStep
[VERBOSE][FMUCHK] Handling a time event
[VERBOSE][FMICAPI] Calling fmi2EnterEventMode
	[FMU][logFmiCall][FMU status:OK] fmi2EnterEventMode
[VERBOSE][FMICAPI] Calling fmi2NewDiscreteStates
	[FMU][logFmiCall][FMU status:OK] fmi2NewDiscreteStates
[VERBOSE][FMICAPI] Calling fmi2EnterContinuousTimeMode
	[FMU][logFmiCall][FMU status:OK] fmi2EnterContinuousTimeMode
	[FMU][logFmiCall][FMU status:OK] fmi2GetInteger: counter = 2
[VERBOSE][FMUCHK] Simulation time: 2
	[FMU][logFmiCall][FMU status:OK] fmi2SetTime: time=2.00
	[FMU][logFmiCall][FMU status:OK] fmi2CompletedIntegratorStep
[VERBOSE][FMUCHK] Handling a time event
[VERBOSE][FMICAPI] Calling fmi2EnterEventMode
	[FMU][logFmiCall][FMU status:OK] fmi2EnterEventMode
[VERBOSE][FMICAPI] Calling fmi2NewDiscreteStates
	[FMU][logFmiCall][FMU status:OK] fmi2NewDiscreteStates
[VERBOSE][FMICAPI] Calling fmi2EnterContinuousTimeMode
	[FMU][logFmiCall][FMU status:OK] fmi2EnterContinuousTimeMode
	[FMU][logFmiCall][FMU status:OK] fmi2GetInteger: counter = 3
[VERBOSE][FMUCHK] Simulation time: 3
	[FMU][logFmiCall][FMU status:OK] fmi2SetTime: time=3.00
	[FMU][logFmiCall][FMU status:OK] fmi2CompletedIntegratorStep
[VERBOSE][FMUCHK] Handling a time event
[VERBOSE][FMICAPI] Calling fmi2EnterEventMode
	[FMU][logFmiCall][FMU status:OK] fmi2EnterEventMode
[VERBOSE][FMICAPI] Calling fmi2NewDiscreteStates
	[FMU][logFmiCall][FMU status:OK] fmi2NewDiscreteStates
[VERBOSE][FMICAPI] Calling fmi2EnterContinuousTimeMode
	[FMU][logFmiCall][FMU status:OK] fmi2EnterContinuousTimeMode
	[FMU][logFmiCall][FMU status:OK] fmi2GetInteger: counter = 4
[VERBOSE][FMUCHK] Simulation time: 4
	[FMU][logFmiCall][FMU status:OK] fmi2SetTime: time=4.00
	[FMU][logFmiCall][FMU status:OK] fmi2CompletedIntegratorStep
[VERBOSE][FMUCHK] Handling a time event
[VERBOSE][FMICAPI] Calling fmi2EnterEventMode
	[FMU][logFmiCall][FMU status:OK] fmi2EnterEventMode
[VERBOSE][FMICAPI] Calling fmi2NewDiscreteStates
	[FMU][logFmiCall][FMU status:OK] fmi2NewDiscreteStates
[VERBOSE][FMICAPI] Calling fmi2EnterContinuousTimeMode
	[FMU][logFmiCall][FMU status:OK] fmi2EnterContinuousTimeMode
	[FMU][logFmiCall][FMU status:OK] fmi2GetInteger: counter = 5
[VERBOSE][FMUCHK] Simulation time: 5
	[FMU][logFmiCall][FMU status:OK] fmi2SetTime: time=5.00
	[FMU][logFmiCall][FMU status:OK] fmi2CompletedIntegratorStep
[VERBOSE][FMUCHK] Handling a time event
[VERBOSE][FMICAPI] Calling fmi2EnterEventMode
	[FMU][logFmiCall][FMU status:OK] fmi2EnterEventMode
[VERBOSE][FMICAPI] Calling fmi2NewDiscreteStates
	[FMU][logFmiCall][FMU status:OK] fmi2NewDiscreteStates
[VERBOSE][FMICAPI] Calling fmi2EnterContinuousTimeMode
	[FMU][logFmiCall][FMU status:OK] fmi2EnterContinuousTimeMode
	[FMU][logFmiCall][FMU status:OK] fmi2GetInteger: counter = 6
[VERBOSE][FMUCHK] Simulation time: 6
	[FMU][logFmiCall][FMU status:OK] fmi2SetTime: time=6.00
	[FMU][logFmiCall][FMU status:OK] fmi2CompletedIntegratorStep
[VERBOSE][FMUCHK] Handling a time event
[VERBOSE][FMICAPI] Calling fmi2EnterEventMode
	[FMU][logFmiCall][FMU status:OK] fmi2EnterEventMode
[VERBOSE][FMICAPI] Calling fmi2NewDiscreteStates
	[FMU][logFmiCall][FMU status:OK] fmi2NewDiscreteStates
[VERBOSE][FMICAPI] Calling fmi2EnterContinuousTimeMode
	[FMU][logFmiCall][FMU status:OK] fmi2EnterContinuousTimeMode
	[FMU][logFmiCall][FMU status:OK] fmi2GetInteger: counter = 7
[VERBOSE][FMUCHK] Simulation time: 7
	[FMU][logFmiCall][FMU status:OK] fmi2SetTime: time=7.00
	[FMU][logFmiCall][FMU status:OK] fmi2CompletedIntegratorStep
[VERBOSE][FMUCHK] Handling a time event
[VERBOSE][FMICAPI] Calling fmi2EnterEventMode
	[FMU][logFmiCall][FMU status:OK] fmi2EnterEventMode
[VERBOSE][FMICAPI] Calling fmi2NewDiscreteStates
	[FMU][logFmiCall][FMU status:OK] fmi2NewDiscreteStates
[VERBOSE][FMICAPI] Calling fmi2EnterContinuousTimeMode
	[FMU][logFmiCall][FMU status:OK] fmi2EnterContinuousTimeMode
	[FMU][logFmiCall][FMU status:OK] fmi2GetInteger: counter = 8
[VERBOSE][FMUCHK] Simulation time: 8
	[FMU][logFmiCall][FMU status:OK] fmi2SetTime: time=8.00
	[FMU][logFmiCall][FMU status:OK] fmi2CompletedIntegratorStep
[VERBOSE][FMUCHK] Handling a time event
[VERBOSE][FMICAPI] Calling fmi2EnterEventMode
	[FMU][logFmiCall][FMU status:OK] fmi2EnterEventMode
[VERBOSE][FMICAPI] Calling fmi2NewDiscreteStates
	[FMU][logFmiCall][FMU status:OK] fmi2NewDiscreteStates
[VERBOSE][FMICAPI] Calling fmi2EnterContinuousTimeMode
	[FMU][logFmiCall][FMU status:OK] fmi2EnterContinuousTimeMode
	[FMU][logFmiCall][FMU status:OK] fmi2GetInteger: counter = 9
[VERBOSE][FMUCHK] Simulation time: 9
	[FMU][logFmiCall][FMU status:OK] fmi2SetTime: time=9.00
	[FMU][logFmiCall][FMU status:OK] fmi2CompletedIntegratorStep
[VERBOSE][FMUCHK] Handling a time event
[VERBOSE][FMICAPI] Calling fmi2EnterEventMode
	[FMU][logFmiCall][FMU status:OK] fmi2EnterEventMode
[VERBOSE][FMICAPI] Calling fmi2NewDiscreteStates
	[FMU][logFmiCall][FMU status:OK] fmi2NewDiscreteStates
[VERBOSE][FMICAPI] Calling fmi2EnterContinuousTimeMode
	[FMU][logFmiCall][FMU status:OK] fmi2EnterContinuousTimeMode
	[FMU][logFmiCall][FMU status:OK] fmi2GetInteger: counter = 10
[VERBOSE][FMUCHK] Simulation time: 10
	[FMU][logFmiCall][FMU status:OK] fmi2SetTime: time=10.00
	[FMU][logFmiCall][FMU status:OK] fmi2CompletedIntegratorStep
[VERBOSE][FMUCHK] Handling a time event
[VERBOSE][FMICAPI] Calling fmi2EnterEventMode
	[FMU][logFmiCall][FMU status:OK] fmi2EnterEventMode
[VERBOSE][FMICAPI] Calling fmi2NewDiscreteStates
	[FMU][logFmiCall][FMU status:OK] fmi2NewDiscreteStates
[VERBOSE][FMICAPI] Calling fmi2EnterContinuousTimeMode
	[FMU][logFmiCall][FMU status:OK] fmi2EnterContinuousTimeMode
	[FMU][logFmiCall][FMU status:OK] fmi2GetInteger: counter = 11
[VERBOSE][FMUCHK] Simulation time: 11
	[FMU][logFmiCall][FMU status:OK] fmi2SetTime: time=11.00
	[FMU][logFmiCall][FMU status:OK] fmi2CompletedIntegratorStep
[VERBOSE][FMUCHK] Handling a time event
[VERBOSE][FMICAPI] Calling fmi2EnterEventMode
	[FMU][logFmiCall][FMU status:OK] fmi2EnterEventMode
[VERBOSE][FMICAPI] Calling fmi2NewDiscreteStates
	[FMU][logFmiCall][FMU status:OK] fmi2NewDiscreteStates
[VERBOSE][FMICAPI] Calling fmi2EnterContinuousTimeMode
	[FMU][logFmiCall][FMU status:OK] fmi2EnterContinuousTimeMode
	[FMU][logFmiCall][FMU status:OK] fmi2GetInteger: counter = 12
[VERBOSE][FMUCHK] Simulation time: 12
	[FMU][logFmiCall][FMU status:OK] fmi2SetTime: time=12.00
	[FMU][logFmiCall][FMU status:OK] fmi2CompletedIntegratorStep
[VERBOSE][FMUCHK] Handling a time event
[VERBOSE][FMICAPI] Calling fmi2EnterEventMode
	[FMU][logFmiCall][FMU status:OK] fmi2EnterEventMode
[VERBOSE][FMICAPI] Calling fmi2NewDiscreteStates
	[FMU][logFmiCall][FMU status:OK] fmi2NewDiscreteStates
[VERBOSE][FMICAPI] Calling fmi2EnterContinuousTimeMode
	[FMU][logFmiCall][FMU status:OK] fmi2EnterContinuousTimeMode
	[FMU][logFmiCall][FMU status:OK] fmi2GetInteger: counter = 13
[INFO][FMUCHK] FMU requested simulation termination
[INFO][FMUCHK] Simulation finished successfully at time 12
	[FMU][logFmiCall][FMU status:OK] fmi2Terminate
[VERBOSE][FMILIB] Releasing allocated library resources
[VERBOSE][FMILIB] Releasing FMU CAPI interface
[VERBOSE][FMICAPI] Successfully unloaded FMU binary
[VERBOSE][JMPRT] Removing /tmp/fmucktmpXvml4f
FMU check summary:
FMU reported:
	0 warning(s) and error(s)
Checker reported:
	0 Warning(s)
	0 Error(s)
